2025-03-19 20:27:18,033 - INFO - Found 27 PDF files in downloaded_papers
2025-03-19 20:27:18,033 - INFO - Processing: Doc VLM  Make Your VLM an Efficient Reader
2025-03-19 20:27:18,134 - INFO - Extracted abstract (1526 chars)
2025-03-19 20:27:19,159 - WARNING - HuggingFace API failed with status 401. Using fallback method.
2025-03-19 20:27:19,162 - INFO - Trying SMMRY web service as fallback...
2025-03-19 20:27:19,564 - INFO - Using local extraction-based summarization as final fallback...
2025-03-19 20:27:19,568 - INFO - Generated summary (569 chars)
2025-03-19 20:27:21,574 - INFO - Processing: Top V  Compatible Token Pruning with Inference Time
2025-03-19 20:27:21,636 - INFO - Extracted abstract (1193 chars)
2025-03-19 20:27:22,288 - WARNING - HuggingFace API failed with status 401. Using fallback method.
2025-03-19 20:27:22,290 - INFO - Trying SMMRY web service as fallback...
2025-03-19 20:27:22,911 - INFO - Using local extraction-based summarization as final fallback...
2025-03-19 20:27:22,911 - INFO - Generated summary (411 chars)
2025-03-19 20:27:24,916 - INFO - Processing: Lifelong Knowledge Editing for Vision Language Mod
2025-03-19 20:27:24,997 - INFO - Extracted abstract (1476 chars)
2025-03-19 20:27:25,273 - WARNING - HuggingFace API failed with status 401. Using fallback method.
2025-03-19 20:27:25,274 - INFO - Trying SMMRY web service as fallback...
2025-03-19 20:27:25,656 - INFO - Using local extraction-based summarization as final fallback...
2025-03-19 20:27:25,657 - INFO - Generated summary (483 chars)
2025-03-19 20:27:27,662 - INFO - Processing: Global Local Tree Search in VLMs for 3D Indoor Sce
2025-03-19 20:27:27,768 - INFO - Extracted abstract (1376 chars)
2025-03-19 20:27:28,473 - WARNING - HuggingFace API failed with status 401. Using fallback method.
2025-03-19 20:27:28,473 - INFO - Trying SMMRY web service as fallback...
2025-03-19 20:27:28,783 - INFO - Using local extraction-based summarization as final fallback...
2025-03-19 20:27:28,783 - INFO - Generated summary (361 chars)
2025-03-19 20:27:30,790 - INFO - Processing: PARC  A Quantitative Framework Uncovering the Symm
2025-03-19 20:27:30,862 - INFO - Extracted abstract (1072 chars)
2025-03-19 20:27:31,570 - WARNING - HuggingFace API failed with status 401. Using fallback method.
2025-03-19 20:27:31,570 - INFO - Trying SMMRY web service as fallback...
2025-03-19 20:27:31,964 - INFO - Using local extraction-based summarization as final fallback...
2025-03-19 20:27:31,964 - INFO - Generated summary (334 chars)
2025-03-19 20:27:33,970 - INFO - Processing: Forensics Bench  A Comprehensive Forgery Detection
2025-03-19 20:27:34,061 - INFO - Extracted abstract (866 chars)
2025-03-19 20:27:35,082 - WARNING - HuggingFace API failed with status 401. Using fallback method.
2025-03-19 20:27:35,083 - INFO - Trying SMMRY web service as fallback...
2025-03-19 20:27:35,739 - INFO - Using local extraction-based summarization as final fallback...
2025-03-19 20:27:35,741 - INFO - Generated summary (354 chars)
2025-03-19 20:27:37,746 - INFO - Processing: MASH VLM  Mitigating Action Scene Hallucination in
2025-03-19 20:27:37,818 - INFO - Extracted abstract (1144 chars)
2025-03-19 20:27:38,097 - WARNING - HuggingFace API failed with status 401. Using fallback method.
2025-03-19 20:27:38,097 - INFO - Trying SMMRY web service as fallback...
2025-03-19 20:27:38,415 - INFO - Using local extraction-based summarization as final fallback...
2025-03-19 20:27:38,417 - INFO - Generated summary (398 chars)
2025-03-19 20:27:40,422 - INFO - Processing: Vision Zip  Longer is Better but Not Necessary in V
2025-03-19 20:27:40,529 - INFO - Extracted abstract (1409 chars)
2025-03-19 20:27:40,970 - WARNING - HuggingFace API failed with status 401. Using fallback method.
2025-03-19 20:27:40,971 - INFO - Trying SMMRY web service as fallback...
2025-03-19 20:27:41,353 - INFO - Using local extraction-based summarization as final fallback...
2025-03-19 20:27:41,354 - INFO - Generated summary (431 chars)
2025-03-19 20:27:43,361 - INFO - Processing: Critic V  VLM Critics Help Catch VLM Errors in Mul
2025-03-19 20:27:43,440 - INFO - Extracted abstract (1964 chars)
2025-03-19 20:27:44,553 - WARNING - HuggingFace API failed with status 401. Using fallback method.
2025-03-19 20:27:44,554 - INFO - Trying SMMRY web service as fallback...
2025-03-19 20:27:44,996 - INFO - Using local extraction-based summarization as final fallback...
2025-03-19 20:27:44,997 - INFO - Generated summary (497 chars)
2025-03-19 20:27:47,002 - INFO - Processing: Fast VLM  Efficient Vision Encoding for Vision Lang
2025-03-19 20:27:47,084 - INFO - Extracted abstract (1629 chars)
2025-03-19 20:27:47,828 - WARNING - HuggingFace API failed with status 401. Using fallback method.
2025-03-19 20:27:47,829 - INFO - Trying SMMRY web service as fallback...
2025-03-19 20:27:49,306 - INFO - Using local extraction-based summarization as final fallback...
2025-03-19 20:27:49,307 - INFO - Generated summary (575 chars)
2025-03-19 20:27:51,312 - INFO - Processing: Towards Vision Language Models For Extra Long Vide
2025-03-19 20:27:51,426 - INFO - Extracted abstract (880 chars)
2025-03-19 20:27:51,746 - WARNING - HuggingFace API failed with status 401. Using fallback method.
2025-03-19 20:27:51,746 - INFO - Trying SMMRY web service as fallback...
2025-03-19 20:27:52,088 - INFO - Using local extraction-based summarization as final fallback...
2025-03-19 20:27:52,088 - INFO - Generated summary (363 chars)
2025-03-19 20:27:54,094 - INFO - Processing: Stealthy Backdoor Attack in Self Supervised Learni
2025-03-19 20:27:54,188 - INFO - Extracted abstract (1260 chars)
2025-03-19 20:27:54,474 - WARNING - HuggingFace API failed with status 401. Using fallback method.
2025-03-19 20:27:54,476 - INFO - Trying SMMRY web service as fallback...
2025-03-19 20:27:54,934 - INFO - Using local extraction-based summarization as final fallback...
2025-03-19 20:27:54,934 - INFO - Generated summary (454 chars)
2025-03-19 20:27:56,940 - INFO - Processing: Embodied Scene Understanding for Vision Language M
2025-03-19 20:27:57,138 - INFO - Extracted abstract (4570 chars)
2025-03-19 20:27:57,438 - WARNING - HuggingFace API failed with status 401. Using fallback method.
2025-03-19 20:27:57,438 - INFO - Trying SMMRY web service as fallback...
2025-03-19 20:27:57,951 - INFO - Using local extraction-based summarization as final fallback...
2025-03-19 20:27:57,951 - INFO - Generated summary (537 chars)
2025-03-19 20:27:59,957 - INFO - Processing: GFlow VLM  Enhancing Multi step Reasoning in Vision
2025-03-19 20:28:00,039 - INFO - Extracted abstract (1554 chars)
2025-03-19 20:28:01,142 - WARNING - HuggingFace API failed with status 401. Using fallback method.
2025-03-19 20:28:01,143 - INFO - Trying SMMRY web service as fallback...
2025-03-19 20:28:01,574 - INFO - Using local extraction-based summarization as final fallback...
2025-03-19 20:28:01,576 - INFO - Generated summary (628 chars)
2025-03-19 20:28:03,581 - INFO - Processing: ATP LLa VA  Adaptive Token Pruning for Large Vision
2025-03-19 20:28:03,664 - INFO - Extracted abstract (1540 chars)
2025-03-19 20:28:05,377 - WARNING - HuggingFace API failed with status 401. Using fallback method.
2025-03-19 20:28:05,378 - INFO - Trying SMMRY web service as fallback...
2025-03-19 20:28:05,929 - INFO - Using local extraction-based summarization as final fallback...
2025-03-19 20:28:05,930 - INFO - Generated summary (282 chars)
2025-03-19 20:28:07,935 - INFO - Processing: SPA VL  A Comprehensive Safety Preference Alignmen
2025-03-19 20:28:08,006 - INFO - Extracted abstract (1290 chars)
2025-03-19 20:28:08,278 - WARNING - HuggingFace API failed with status 401. Using fallback method.
2025-03-19 20:28:08,279 - INFO - Trying SMMRY web service as fallback...
2025-03-19 20:28:08,833 - INFO - Using local extraction-based summarization as final fallback...
2025-03-19 20:28:08,834 - INFO - Generated summary (483 chars)
2025-03-19 20:28:10,839 - INFO - Processing: FLAIR  VLM with Fine grained Language informed Ima
2025-03-19 20:28:10,961 - INFO - Extracted abstract (1339 chars)
2025-03-19 20:28:11,488 - WARNING - HuggingFace API failed with status 401. Using fallback method.
2025-03-19 20:28:11,489 - INFO - Trying SMMRY web service as fallback...
2025-03-19 20:28:11,872 - INFO - Using local extraction-based summarization as final fallback...
2025-03-19 20:28:11,873 - INFO - Generated summary (317 chars)
2025-03-19 20:28:13,878 - INFO - Processing: VLs I  Verbalized Layers to Interactions from Large
2025-03-19 20:28:13,970 - INFO - Extracted abstract (1297 chars)
2025-03-19 20:28:14,251 - WARNING - HuggingFace API failed with status 401. Using fallback method.
2025-03-19 20:28:14,251 - INFO - Trying SMMRY web service as fallback...
2025-03-19 20:28:16,426 - INFO - Using local extraction-based summarization as final fallback...
2025-03-19 20:28:16,427 - INFO - Generated summary (485 chars)
2025-03-19 20:28:18,433 - INFO - Processing: Imagine FSL  Self Supervised Pretraining Matters on
2025-03-19 20:28:18,501 - INFO - Extracted abstract (1496 chars)
2025-03-19 20:28:19,241 - WARNING - HuggingFace API failed with status 401. Using fallback method.
2025-03-19 20:28:19,242 - INFO - Trying SMMRY web service as fallback...
2025-03-19 20:28:19,702 - INFO - Using local extraction-based summarization as final fallback...
2025-03-19 20:28:19,703 - INFO - Generated summary (359 chars)
2025-03-19 20:28:21,709 - INFO - Processing: Ground V  Teaching VLMs to Ground Complex Instruct
2025-03-19 20:28:21,766 - INFO - Extracted abstract (1357 chars)
2025-03-19 20:28:22,648 - WARNING - HuggingFace API failed with status 401. Using fallback method.
2025-03-19 20:28:22,649 - INFO - Trying SMMRY web service as fallback...
2025-03-19 20:28:23,040 - INFO - Using local extraction-based summarization as final fallback...
2025-03-19 20:28:23,040 - INFO - Generated summary (309 chars)
2025-03-19 20:28:25,045 - INFO - Processing: Antidote  A Unified Framework for Mitigating LVLM 
2025-03-19 20:28:25,098 - INFO - Extracted abstract (1405 chars)
2025-03-19 20:28:25,375 - WARNING - HuggingFace API failed with status 401. Using fallback method.
2025-03-19 20:28:25,377 - INFO - Trying SMMRY web service as fallback...
2025-03-19 20:28:25,886 - INFO - Using local extraction-based summarization as final fallback...
2025-03-19 20:28:25,887 - INFO - Generated summary (451 chars)
2025-03-19 20:28:27,890 - INFO - Processing: What s in the Image  A Deep Dive into the Vision o
2025-03-19 20:28:27,980 - INFO - Extracted abstract (1393 chars)
2025-03-19 20:28:28,684 - WARNING - HuggingFace API failed with status 401. Using fallback method.
2025-03-19 20:28:28,686 - INFO - Trying SMMRY web service as fallback...
2025-03-19 20:28:29,041 - INFO - Using local extraction-based summarization as final fallback...
2025-03-19 20:28:29,042 - INFO - Generated summary (429 chars)
2025-03-19 20:28:31,047 - INFO - Processing: Overcoming Shortcut Problem in VLM for Robust Out 
2025-03-19 20:28:31,147 - INFO - Extracted abstract (1552 chars)
2025-03-19 20:28:31,864 - WARNING - HuggingFace API failed with status 401. Using fallback method.
2025-03-19 20:28:31,864 - INFO - Trying SMMRY web service as fallback...
2025-03-19 20:28:32,243 - INFO - Using local extraction-based summarization as final fallback...
2025-03-19 20:28:32,243 - INFO - Generated summary (338 chars)
2025-03-19 20:28:34,249 - INFO - Processing: Discriminative Fine tuning of LVLMs
2025-03-19 20:28:34,380 - INFO - Extracted abstract (1504 chars)
2025-03-19 20:28:34,672 - WARNING - HuggingFace API failed with status 401. Using fallback method.
2025-03-19 20:28:34,672 - INFO - Trying SMMRY web service as fallback...
2025-03-19 20:28:35,798 - INFO - Using local extraction-based summarization as final fallback...
2025-03-19 20:28:35,799 - INFO - Generated summary (527 chars)
2025-03-19 20:28:37,804 - INFO - Processing: MIMO  A medical vision language model with visual 
2025-03-19 20:28:37,860 - INFO - Extracted abstract (1135 chars)
2025-03-19 20:28:38,142 - WARNING - HuggingFace API failed with status 401. Using fallback method.
2025-03-19 20:28:38,144 - INFO - Trying SMMRY web service as fallback...
2025-03-19 20:28:38,460 - INFO - Using local extraction-based summarization as final fallback...
2025-03-19 20:28:38,461 - INFO - Generated summary (228 chars)
2025-03-19 20:28:40,467 - INFO - Processing: Steering Away from Harm  An Adaptive Approach to D
2025-03-19 20:28:40,552 - INFO - Extracted abstract (1662 chars)
2025-03-19 20:28:41,336 - WARNING - HuggingFace API failed with status 401. Using fallback method.
2025-03-19 20:28:41,337 - INFO - Trying SMMRY web service as fallback...
2025-03-19 20:28:41,727 - INFO - Using local extraction-based summarization as final fallback...
2025-03-19 20:28:41,727 - INFO - Generated summary (267 chars)
2025-03-19 20:28:43,733 - INFO - Processing: Layout VLM  Differentiable Optimization of 3D Layou
2025-03-19 20:28:43,798 - INFO - Extracted abstract (1234 chars)
2025-03-19 20:28:45,380 - WARNING - HuggingFace API failed with status 401. Using fallback method.
2025-03-19 20:28:45,381 - INFO - Trying SMMRY web service as fallback...
2025-03-19 20:28:45,744 - INFO - Using local extraction-based summarization as final fallback...
2025-03-19 20:28:45,745 - INFO - Generated summary (521 chars)
2025-03-19 20:28:47,755 - INFO - Saved summaries to paper_summaries.md
2025-03-19 20:28:47,755 - INFO - Summary extraction complete!
